c:\users\claudia tavares\documents\github\poo\tp_poo\tp_poo\debug\vc142.pdb
c:\users\claudia tavares\documents\github\poo\tp_poo\tp_poo\debug\vc142.idb
c:\users\claudia tavares\documents\github\poo\tp_poo\tp_poo\debug\tp_poo.obj
c:\users\claudia tavares\documents\github\poo\tp_poo\tp_poo\debug\simulacao.obj
c:\users\claudia tavares\documents\github\poo\tp_poo\tp_poo\debug\pista.obj
c:\users\claudia tavares\documents\github\poo\tp_poo\tp_poo\debug\pilotosurpresa.obj
c:\users\claudia tavares\documents\github\poo\tp_poo\tp_poo\debug\pilotorapido.obj
c:\users\claudia tavares\documents\github\poo\tp_poo\tp_poo\debug\piloto.obj
c:\users\claudia tavares\documents\github\poo\tp_poo\tp_poo\debug\menus.obj
c:\users\claudia tavares\documents\github\poo\tp_poo\tp_poo\debug\garagem.obj
c:\users\claudia tavares\documents\github\poo\tp_poo\tp_poo\debug\dvg.obj
c:\users\claudia tavares\documents\github\poo\tp_poo\tp_poo\debug\crazydriver.obj
c:\users\claudia tavares\documents\github\poo\tp_poo\tp_poo\debug\corrida.obj
c:\users\claudia tavares\documents\github\poo\tp_poo\tp_poo\debug\consola.obj
c:\users\claudia tavares\documents\github\poo\tp_poo\tp_poo\debug\carro.obj
c:\users\claudia tavares\documents\github\poo\tp_poo\tp_poo\debug\autodromo.obj
c:\users\diana\desktop\isec\4ºano\poo\tp_v2\poo\tp_poo\tp_poo\debug\vc142.pdb
c:\users\diana\desktop\isec\4ºano\poo\tp_v2\poo\tp_poo\tp_poo\debug\vc142.idb
c:\users\diana\desktop\isec\4ºano\poo\tp_v2\poo\tp_poo\tp_poo\debug\tp_poo.obj
c:\users\diana\desktop\isec\4ºano\poo\tp_v2\poo\tp_poo\tp_poo\debug\simulacao.obj
c:\users\diana\desktop\isec\4ºano\poo\tp_v2\poo\tp_poo\tp_poo\debug\pista.obj
c:\users\diana\desktop\isec\4ºano\poo\tp_v2\poo\tp_poo\tp_poo\debug\pilotosurpresa.obj
c:\users\diana\desktop\isec\4ºano\poo\tp_v2\poo\tp_poo\tp_poo\debug\pilotorapido.obj
c:\users\diana\desktop\isec\4ºano\poo\tp_v2\poo\tp_poo\tp_poo\debug\piloto.obj
c:\users\diana\desktop\isec\4ºano\poo\tp_v2\poo\tp_poo\tp_poo\debug\garagem.obj
c:\users\diana\desktop\isec\4ºano\poo\tp_v2\poo\tp_poo\tp_poo\debug\dvg.obj
c:\users\diana\desktop\isec\4ºano\poo\tp_v2\poo\tp_poo\tp_poo\debug\crazydriver.obj
c:\users\diana\desktop\isec\4ºano\poo\tp_v2\poo\tp_poo\tp_poo\debug\corrida.obj
c:\users\diana\desktop\isec\4ºano\poo\tp_v2\poo\tp_poo\tp_poo\debug\consola.obj
c:\users\diana\desktop\isec\4ºano\poo\tp_v2\poo\tp_poo\tp_poo\debug\carro.obj
c:\users\diana\desktop\isec\4ºano\poo\tp_v2\poo\tp_poo\tp_poo\debug\autodromo.obj
c:\users\diana\desktop\isec\4ºano\poo\tp_v2\poo\tp_poo\tp_poo\debug\menus.obj
c:\users\claudia tavares\documents\github\poo\tp_poo\debug\tp_poo.exe
c:\users\claudia tavares\documents\github\poo\tp_poo\debug\tp_poo.ilk
c:\users\claudia tavares\documents\github\poo\tp_poo\debug\tp_poo.pdb
c:\users\diana\desktop\isec\4ºano\poo\tp_v2\poo\tp_poo\tp_poo\debug\dvg.new.obj.enc
c:\users\diana\desktop\isec\4ºano\poo\tp_v2\poo\tp_poo\tp_poo\debug\menus.new.obj.enc
c:\users\diana\desktop\isec\4ºano\poo\tp_v2\poo\tp_poo\debug\tp_poo.pdb
c:\users\diana\desktop\isec\4ºano\poo\tp_v2\poo\tp_poo\tp_poo\debug\tp_poo.tlog\cl.command.1.tlog
c:\users\diana\desktop\isec\4ºano\poo\tp_v2\poo\tp_poo\tp_poo\debug\tp_poo.tlog\cl.read.1.tlog
c:\users\diana\desktop\isec\4ºano\poo\tp_v2\poo\tp_poo\tp_poo\debug\tp_poo.tlog\cl.write.1.tlog
c:\users\diana\desktop\isec\4ºano\poo\tp_v2\poo\tp_poo\tp_poo\debug\tp_poo.tlog\link-cvtres.read.1.tlog
c:\users\diana\desktop\isec\4ºano\poo\tp_v2\poo\tp_poo\tp_poo\debug\tp_poo.tlog\link-cvtres.write.1.tlog
c:\users\diana\desktop\isec\4ºano\poo\tp_v2\poo\tp_poo\tp_poo\debug\tp_poo.tlog\link-rc.read.1.tlog
c:\users\diana\desktop\isec\4ºano\poo\tp_v2\poo\tp_poo\tp_poo\debug\tp_poo.tlog\link-rc.write.1.tlog
c:\users\diana\desktop\isec\4ºano\poo\tp_v2\poo\tp_poo\tp_poo\debug\tp_poo.tlog\link.command.1.tlog
c:\users\diana\desktop\isec\4ºano\poo\tp_v2\poo\tp_poo\tp_poo\debug\tp_poo.tlog\link.read.1.tlog
c:\users\diana\desktop\isec\4ºano\poo\tp_v2\poo\tp_poo\tp_poo\debug\tp_poo.tlog\link.write.1.tlog
